[21:10:03] [Server thread/INFO]: Starting minecraft server version 1.8.9
[21:10:03] [Server thread/INFO]: Loading properties
[21:10:03] [Server thread/INFO]: Default game type: SURVIVAL
[21:10:03] [Server thread/INFO]: Generating keypair
[21:10:03] [Server thread/INFO]: Starting Minecraft server on *:25565
[21:10:03] [Server thread/INFO]: Using default channel type
[21:10:03] [Server thread/INFO]: Preparing level "world"
[21:10:04] [Server thread/INFO]: Preparing start region for level 0
[21:10:04] [Server thread/INFO]: Done (0.555s)! For help, type "help" or "?"
[21:10:28] [User Authenticator #1/INFO]: UUID of player Chewy_Man is 1af0de4d-3666-4845-a638-26f72517ee03
[21:10:28] [Server thread/INFO]: Chewy_Man[/50.174.128.181:2472] logged in with entity id 23 at (-9.79624832313641, 73.0, -48.089879534601174)
[21:10:28] [Server thread/INFO]: 븎Chewy_Manr joined the game
[21:10:36] [Server thread/INFO]: 븎Chewy_Manr fell out of the world
[21:10:55] [User Authenticator #2/INFO]: UUID of player dudeyoudontknow is 7877f9cd-0a8d-4685-9a42-86a53644fe18
[21:10:55] [Server thread/INFO]: dudeyoudontknow[/192.168.1.136:52864] logged in with entity id 32 at (-3.3734089333628456, 70.44779822854733, 256.0891733211917)
[21:10:55] [Server thread/INFO]: dudeyoudontknow joined the game
[21:14:29] [Server thread/INFO]: 븎dudeyoudontknowr fell out of the world
[21:14:41] [User Authenticator #3/INFO]: UUID of player jeffrey625625 is 7d1d6873-2cfb-426d-9b82-6226038e3413
[21:14:41] [Server thread/INFO]: jeffrey625625[/24.4.185.124:61588] logged in with entity id 118 at (-101.26246443954659, 70.0, 0.2904414160199143)
[21:14:41] [Server thread/INFO]: jeffrey625625 joined the game
[21:15:06] [Server thread/INFO]: 브Chewy_Manr fell out of the world
[21:16:02] [Server thread/INFO]: 브Chewy_Manr fell out of the world
[21:16:27] [Server thread/WARN]: Chewy_Man moved wrongly!
[21:16:48] [Server thread/INFO]: 브Chewy_Manr blew up
[21:17:16] [Server thread/INFO]: 브Chewy_Manr fell out of the world
[21:18:07] [Server thread/WARN]: Chewy_Man moved wrongly!
[21:18:11] [Server thread/INFO]: 브Chewy_Manr blew up
[21:18:26] [Server thread/INFO]: 븎dudeyoudontknowr fell out of the world
[21:18:30] [Server thread/INFO]: 브Chewy_Manr fell out of the world
[21:19:10] [Server thread/INFO]: 브Chewy_Manr blew up
[21:21:09] [Server thread/INFO]: 브Chewy_Manr fell from a high place
[21:22:03] [Server thread/WARN]: dudeyoudontknow moved wrongly!
[21:22:05] [Server thread/INFO]: 브Chewy_Manr fell out of the world
[21:22:09] [Server thread/INFO]: 븎dudeyoudontknowr fell out of the world
[21:22:51] [Server thread/INFO]: 븎dudeyoudontknowr fell out of the world
[21:22:57] [Server thread/INFO]: 브Chewy_Manr fell out of the world
[21:23:16] [Server thread/INFO]: 븎dudeyoudontknowr fell out of the world
[21:23:23] [Server thread/INFO]: 븎jeffrey625625r fell from a high place
[21:23:31] [Server thread/INFO]: 븎dudeyoudontknowr blew up
[21:23:32] [Server thread/INFO]: 브Chewy_Manr fell out of the world
[21:23:50] [Server thread/INFO]: <Chewy_Man> it looks like two tits
[21:24:11] [Server thread/INFO]: <Chewy_Man> tylers ball sack after cloping to a threeway with madison and beverly
[21:24:53] [Server thread/INFO]: <jeffrey625625> e
[21:26:30] [Server thread/INFO]: 브dudeyoudontknowr fell out of the world
[21:26:48] [Server thread/INFO]: 브dudeyoudontknowr fell out of the world
[21:27:05] [Server thread/INFO]: 브Chewy_Manr blew up
[21:27:19] [Server thread/INFO]: 브Chewy_Manr fell out of the world
[21:27:35] [Server thread/INFO]: 브dudeyoudontknowr fell out of the world
[21:27:57] [Server thread/INFO]: 브dudeyoudontknowr fell out of the world
[21:28:12] [Server thread/INFO]: 브dudeyoudontknowr fell out of the world
[21:28:25] [Server thread/INFO]: 브dudeyoudontknowr fell out of the world
[21:28:27] [Server thread/INFO]: 븎jeffrey625625r fell out of the world
[21:28:29] [Server thread/INFO]: 브Chewy_Manr blew up
[21:28:34] [Server thread/INFO]: 브dudeyoudontknowr blew up
[21:28:55] [Server thread/INFO]: 브dudeyoudontknowr fell out of the world
[21:29:07] [Server thread/INFO]: 브dudeyoudontknowr fell out of the world
[21:29:17] [Server thread/INFO]: 븎jeffrey625625r fell out of the world
[21:29:33] [Server thread/INFO]: 븎jeffrey625625r blew up
[21:29:33] [Server thread/INFO]: 브Chewy_Manr blew up
[21:29:50] [Server thread/WARN]: dudeyoudontknow moved wrongly!
[21:29:56] [Server thread/INFO]: 브dudeyoudontknowr blew up
[21:31:32] [Server thread/INFO]: 븎dudeyoudontknowr fell out of the world
[21:31:43] [Server thread/INFO]: 븎dudeyoudontknowr fell out of the world
[21:31:58] [Server thread/INFO]: 브Chewy_Manr was blown up by 븎dudeyoudontknowr
[21:31:59] [Server thread/INFO]: 븎dudeyoudontknowr blew up
[21:32:40] [Server thread/INFO]: 븎dudeyoudontknowr fell out of the world
[21:33:01] [Server thread/INFO]: 브Chewy_Manr fell out of the world
[21:33:05] [Server thread/INFO]: 븎dudeyoudontknowr fell out of the world
[21:33:24] [Server thread/INFO]: 븎dudeyoudontknowr fell out of the world
[21:33:50] [Server thread/INFO]: 브Chewy_Manr blew up
[21:33:58] [Server thread/INFO]: 븎dudeyoudontknowr fell out of the world
[21:34:04] [Server thread/WARN]: Chewy_Man moved wrongly!
[21:34:08] [Server thread/INFO]: 브Chewy_Manr fell out of the world
[21:34:09] [Server thread/INFO]: 븎dudeyoudontknowr fell out of the world
[21:34:22] [Server thread/INFO]: 븎dudeyoudontknowr blew up
[21:34:49] [Server thread/INFO]: 븎dudeyoudontknowr fell out of the world
[21:35:55] [Server thread/INFO]: 브Chewy_Manr fell out of the world
[21:36:19] [Server thread/INFO]: 브dudeyoudontknowr fell out of the world
[21:36:23] [Server thread/INFO]: 브Chewy_Manr fell out of the world
[21:36:37] [Server thread/INFO]: 브dudeyoudontknowr fell out of the world
[21:36:37] [Server thread/INFO]: 브Chewy_Manr fell out of the world
[21:36:47] [Server thread/INFO]: 브dudeyoudontknowr fell out of the world
[21:36:55] [Server thread/INFO]: 브Chewy_Manr blew up
[21:36:57] [Server thread/INFO]: 브dudeyoudontknowr blew up
[21:37:48] [Server thread/INFO]: 브dudeyoudontknowr fell out of the world
[21:38:06] [Server thread/INFO]: 브Chewy_Manr blew up
[21:38:32] [Server thread/INFO]: 브dudeyoudontknowr fell out of the world
[21:38:53] [Server thread/INFO]: 브dudeyoudontknowr fell out of the world
[21:38:58] [Server thread/INFO]: 브Chewy_Manr fell out of the world
[21:39:07] [Server thread/INFO]: 브dudeyoudontknowr fell out of the world
[21:39:28] [Server thread/INFO]: 브dudeyoudontknowr fell out of the world
[21:39:29] [Server thread/WARN]: Chewy_Man moved wrongly!
[21:40:03] [Server thread/INFO]: 브Chewy_Manr fell out of the world
[21:40:07] [Server thread/INFO]: 브dudeyoudontknowr fell out of the world
[21:40:19] [Server thread/INFO]: 븎jeffrey625625r fell out of the world
[21:40:20] [Server thread/WARN]: Fetching addPacket for removed entity
[21:40:26] [Server thread/INFO]: 브Chewy_Manr fell out of the world
[21:40:26] [Server thread/INFO]: 브dudeyoudontknowr fell out of the world
[21:40:45] [Server thread/INFO]: 브Chewy_Manr fell out of the world
[21:40:49] [Server thread/INFO]: 븎jeffrey625625r fell out of the world
[21:40:53] [Server thread/INFO]: 브dudeyoudontknowr fell out of the world
[21:41:00] [Server thread/INFO]: 브Chewy_Manr fell out of the world
[21:41:17] [Server thread/INFO]: 브dudeyoudontknowr fell out of the world
[21:41:22] [Server thread/INFO]: 브Chewy_Manr fell out of the world
[21:41:35] [Server thread/INFO]: 브dudeyoudontknowr fell out of the world
[21:41:38] [Server thread/INFO]: 브Chewy_Manr fell out of the world
[21:41:53] [Server thread/INFO]: 브Chewy_Manr fell out of the world
[21:42:17] [User Authenticator #4/INFO]: UUID of player Playerzomb is a5e876cf-b05d-4616-adf2-ad973dc593c1
[21:42:17] [Server thread/INFO]: Playerzomb[/50.185.217.231:57990] logged in with entity id 4358 at (-81.12835507043098, 78.0, -17.97057201089233)
[21:42:17] [Server thread/INFO]: 븎Playerzombr joined the game
[21:42:20] [Server thread/INFO]: 브dudeyoudontknowr fell out of the world
[21:42:33] [Server thread/INFO]: 븎jeffrey625625r fell out of the world
[21:42:37] [Server thread/INFO]: 븎Playerzombr fell out of the world
[21:42:41] [Server thread/WARN]: Chewy_Man moved wrongly!
[21:42:43] [Server thread/WARN]: Chewy_Man moved too quickly! 0.0735832558502878,10.289970182023417,0.7701751423491423 (0.0735832558502878, 10.289970182023417, 0.7701751423491423)
[21:42:44] [Server thread/INFO]: 브dudeyoudontknowr fell out of the world
[21:42:48] [Server thread/INFO]: 브Chewy_Manr fell out of the world
[21:43:06] [Server thread/INFO]: 브dudeyoudontknowr fell out of the world
[21:43:09] [Server thread/INFO]: 븎Playerzombr fell out of the world
[21:43:19] [Server thread/INFO]: 브dudeyoudontknowr fell out of the world
[21:43:25] [Server thread/INFO]: 브Chewy_Manr blew up
[21:43:43] [Server thread/INFO]: 브dudeyoudontknowr fell out of the world
[21:43:54] [Server thread/INFO]: 븎Playerzombr fell out of the world
[21:44:00] [Server thread/INFO]: 브dudeyoudontknowr fell out of the world
[21:44:34] [Server thread/INFO]: 븎jeffrey625625r fell out of the world
[21:44:49] [Server thread/INFO]: 브Chewy_Manr was shot by 븎Playerzombr using [GunBlade]
[21:44:52] [Server thread/INFO]: dudeyoudontknow fell out of the world
[21:45:20] [User Authenticator #5/INFO]: UUID of player KkLucky is 02b176dc-1d5e-4dc3-9fb9-4f29ebc99c4b
[21:45:20] [Server thread/INFO]: KkLucky[/76.126.175.75:55772] logged in with entity id 4973 at (-28.987817429228596, -184.46219758691885, 39.78491785974313)
[21:45:20] [Server thread/INFO]: 브KkLuckyr joined the game
[21:45:23] [Server thread/INFO]: 브KkLuckyr fell out of the world
[21:47:19] [Server thread/INFO]: 븎KkLuckyr fell out of the world
[21:47:49] [Server thread/WARN]: dudeyoudontknow moved wrongly!
[21:47:53] [Server thread/WARN]: KkLucky moved wrongly!
[21:47:55] [Server thread/INFO]: 븎dudeyoudontknowr fell out of the world
[21:47:59] [Server thread/INFO]: 븎KkLuckyr fell out of the world
[21:48:02] [Server thread/INFO]: 브Playerzombr fell out of the world
[21:48:14] [Server thread/WARN]: Playerzomb moved wrongly!
[21:48:19] [Server thread/INFO]: 븎dudeyoudontknowr fell out of the world
[21:48:21] [Server thread/INFO]: 브Playerzombr fell out of the world
[21:48:23] [Server thread/WARN]: KkLucky moved wrongly!
[21:48:31] [Server thread/INFO]: 븎dudeyoudontknowr fell out of the world
[21:48:34] [Server thread/INFO]: 븎KkLuckyr fell out of the world
[21:48:43] [Server thread/INFO]: 븎dudeyoudontknowr fell out of the world
[21:48:47] [Server thread/WARN]: Playerzomb moved wrongly!
[21:48:52] [Server thread/WARN]: dudeyoudontknow moved wrongly!
[21:48:55] [Server thread/INFO]: 븎Chewy_Manr fell out of the world
[21:48:57] [Server thread/INFO]: 븎dudeyoudontknowr fell out of the world
[21:48:59] [Server thread/INFO]: 브Playerzombr fell out of the world
[21:49:00] [Server thread/INFO]: Chewy_Man lost connection: TextComponent{text='Disconnected', siblings=[], style=Style{hasParent=false, color=null, bold=null, italic=null, underlined=null, obfuscated=null, clickEvent=null, hoverEvent=null, insertion=null}}
[21:49:00] [Server thread/INFO]: 븎Chewy_Manr left the game
[21:49:04] [Server thread/INFO]: 븎KkLuckyr fell out of the world
[21:49:10] [Server thread/WARN]: Playerzomb moved wrongly!
[21:49:11] [User Authenticator #6/INFO]: UUID of player Chewy_Man is 1af0de4d-3666-4845-a638-26f72517ee03
[21:49:11] [Server thread/INFO]: Chewy_Man[/50.174.128.181:3728] logged in with entity id 5349 at (-20.999155506808528, -594.3266675548197, -51.94339692572354)
[21:49:11] [Server thread/INFO]: 븎Chewy_Manr joined the game
[21:49:15] [Server thread/INFO]: 브Playerzombr fell out of the world
[21:49:19] [Server thread/INFO]: 븎dudeyoudontknowr fell out of the world
[21:49:35] [Server thread/INFO]: 븎dudeyoudontknowr fell out of the world
[21:49:43] [Server thread/INFO]: 브Playerzombr fell out of the world
[21:49:55] [Server thread/INFO]: 븎Chewy_Manr fell out of the world
[21:49:55] [Server thread/INFO]: 븎dudeyoudontknowr fell out of the world
[21:50:13] [Server thread/INFO]: 븎Chewy_Manr fell out of the world
[21:50:32] [Server thread/INFO]: 븎KkLuckyr fell out of the world
[21:50:32] [Server thread/INFO]: <브jeffrey625625r> ggg
[21:50:34] [Server thread/INFO]: <브jeffrey625625r> skrubs
[21:50:36] [Server thread/INFO]: <브jeffrey625625r> get rekt
[21:50:39] [Server thread/INFO]: <브jeffrey625625r> rustled
[21:50:42] [Server thread/INFO]: <브jeffrey625625r> the lag is real
[21:50:50] [Server thread/INFO]: 브Playerzombr fell out of the world
[21:50:59] [Server thread/INFO]: Chewy_Man lost connection: TextComponent{text='Disconnected', siblings=[], style=Style{hasParent=false, color=null, bold=null, italic=null, underlined=null, obfuscated=null, clickEvent=null, hoverEvent=null, insertion=null}}
[21:50:59] [Server thread/INFO]: Chewy_Man left the game
[21:51:17] [User Authenticator #7/INFO]: UUID of player Chewy_Man is 1af0de4d-3666-4845-a638-26f72517ee03
[21:51:17] [Server thread/INFO]: Chewy_Man[/50.174.128.181:3799] logged in with entity id 5831 at (-43.648974590533044, 13.930601246045482, -35.46978754459694)
[21:51:17] [Server thread/INFO]: Chewy_Man joined the game
[21:51:24] [Server thread/INFO]: KkLucky lost connection: TextComponent{text='Disconnected', siblings=[], style=Style{hasParent=false, color=null, bold=null, italic=null, underlined=null, obfuscated=null, clickEvent=null, hoverEvent=null, insertion=null}}
[21:51:24] [Server thread/INFO]: KkLucky left the game
[21:51:28] [Server thread/INFO]: com.mojang.authlib.GameProfile@12a55ccb[id=<null>,name=KkLucky,properties={},legacy=false] (/76.126.175.75:55907) lost connection: Disconnected
[21:51:34] [Server thread/INFO]: com.mojang.authlib.GameProfile@41e01e2d[id=<null>,name=KkLucky,properties={},legacy=false] (/76.126.175.75:55919) lost connection: Disconnected
[21:52:11] [User Authenticator #8/INFO]: UUID of player KkLucky is 02b176dc-1d5e-4dc3-9fb9-4f29ebc99c4b
[21:52:11] [Server thread/INFO]: KkLucky[/76.126.175.75:55976] logged in with entity id 5861 at (-7.9303469951030445, 75.68934658228802, -52.250814992621756)
[21:52:11] [Server thread/INFO]: KkLucky joined the game
[21:52:31] [Server thread/INFO]: 븎dudeyoudontknowr fell out of the world
[21:52:32] [Server thread/INFO]: 브Playerzombr fell out of the world
[21:52:54] [Server thread/WARN]: Chewy_Man was kicked for floating too long!
[21:52:54] [Server thread/WARN]: Chewy_Man was kicked for floating too long!
[21:52:54] [Server thread/WARN]: Chewy_Man was kicked for floating too long!
[21:52:56] [Server thread/INFO]: 븎dudeyoudontknowr fell out of the world
[21:52:58] [Server thread/INFO]: Chewy_Man lost connection: TextComponent{text='Disconnected', siblings=[], style=Style{hasParent=false, color=null, bold=null, italic=null, underlined=null, obfuscated=null, clickEvent=null, hoverEvent=null, insertion=null}}
[21:52:58] [Server thread/INFO]: 브Chewy_Manr left the game
[21:53:16] [Server thread/INFO]: 븎KkLuckyr blew up
[21:53:18] [Server thread/INFO]: 븎dudeyoudontknowr fell out of the world
[21:53:23] [User Authenticator #9/INFO]: UUID of player Chewy_Man is 1af0de4d-3666-4845-a638-26f72517ee03
[21:53:23] [Server thread/INFO]: Chewy_Man[/50.174.128.181:3878] logged in with entity id 5985 at (-30.50760704071191, 72.13963453200465, 7.300000011920929)
[21:53:23] [Server thread/INFO]: 브Chewy_Manr joined the game
[21:53:29] [Server thread/INFO]: 브Chewy_Manr fell out of the world
[21:53:37] [Server thread/INFO]: 븎dudeyoudontknowr fell out of the world
[21:53:44] [Server thread/INFO]: Chewy_Man lost connection: TextComponent{text='Disconnected', siblings=[], style=Style{hasParent=false, color=null, bold=null, italic=null, underlined=null, obfuscated=null, clickEvent=null, hoverEvent=null, insertion=null}}
[21:53:44] [Server thread/INFO]: 브Chewy_Manr left the game
[21:53:50] [Server thread/INFO]: 븎dudeyoudontknowr fell out of the world
[21:53:55] [Server thread/INFO]: 븎KkLuckyr blew up
[21:54:00] [Server thread/INFO]: 븎dudeyoudontknowr fell out of the world
[21:54:02] [Server thread/INFO]: 브Playerzombr blew up
[21:54:09] [User Authenticator #10/INFO]: UUID of player Chewy_Man is 1af0de4d-3666-4845-a638-26f72517ee03
[21:54:09] [Server thread/INFO]: Chewy_Man[/50.174.128.181:3906] logged in with entity id 6349 at (-29.66908393531729, -181.68470044813506, 20.065465418842592)
[21:54:09] [Server thread/INFO]: 브Chewy_Manr joined the game
[21:54:09] [Server thread/INFO]: 브Chewy_Manr fell out of the world
[21:54:10] [Server thread/INFO]: 븎KkLuckyr fell out of the world
[21:54:27] [Server thread/INFO]: 븎dudeyoudontknowr fell out of the world
[21:54:41] [Server thread/INFO]: 븎KkLuckyr fell out of the world
[21:54:42] [Server thread/INFO]: 븎dudeyoudontknowr fell out of the world
[21:55:28] [Server thread/INFO]: 브Playerzombr fell out of the world
[21:55:30] [Server thread/INFO]: 븎KkLuckyr fell out of the world
[21:55:37] [Server thread/INFO]: 븎dudeyoudontknowr fell out of the world
[21:55:57] [Server thread/INFO]: 븎dudeyoudontknowr blew up
[21:56:13] [Server thread/INFO]: 븎dudeyoudontknowr fell out of the world
[21:56:28] [Server thread/WARN]: jeffrey625625 was kicked for floating too long!
[21:56:28] [Server thread/WARN]: jeffrey625625 was kicked for floating too long!
[21:56:32] [Server thread/INFO]: 브Playerzombr fell out of the world
[21:56:36] [Server thread/INFO]: jeffrey625625 lost connection: TextComponent{text='Disconnected', siblings=[], style=Style{hasParent=false, color=null, bold=null, italic=null, underlined=null, obfuscated=null, clickEvent=null, hoverEvent=null, insertion=null}}
[21:56:36] [Server thread/INFO]: 븎jeffrey625625r left the game
[21:56:37] [Server thread/INFO]: 븎dudeyoudontknowr blew up
[21:56:48] [Server thread/INFO]: 븎KkLuckyr fell out of the world
[21:56:53] [Server thread/INFO]: Playerzomb lost connection: TextComponent{text='Disconnected', siblings=[], style=Style{hasParent=false, color=null, bold=null, italic=null, underlined=null, obfuscated=null, clickEvent=null, hoverEvent=null, insertion=null}}
[21:56:53] [Server thread/INFO]: 브Playerzombr left the game
[21:57:16] [Server thread/INFO]: 브Chewy_Manr fell from a high place
[21:57:34] [Server thread/INFO]: dudeyoudontknow lost connection: TextComponent{text='Disconnected', siblings=[], style=Style{hasParent=false, color=null, bold=null, italic=null, underlined=null, obfuscated=null, clickEvent=null, hoverEvent=null, insertion=null}}
[21:57:34] [Server thread/INFO]: 븎dudeyoudontknowr left the game
[21:57:36] [Server thread/INFO]: KkLucky lost connection: TextComponent{text='Disconnected', siblings=[], style=Style{hasParent=false, color=null, bold=null, italic=null, underlined=null, obfuscated=null, clickEvent=null, hoverEvent=null, insertion=null}}
[21:57:36] [Server thread/INFO]: 븎KkLuckyr left the game
